<?xml version="1.0" encoding="UTF-8"?>
<testsuite xmlns:xsi="http://www.w3.org/2001/XMLSchema-instance" xsi:noNamespaceSchemaLocation="https://maven.apache.org/surefire/maven-surefire-plugin/xsd/surefire-test-report-3.0.xsd" version="3.0" name="TestSuite" time="4.215" tests="3" errors="0" skipped="0" failures="0">
  <properties>
[...]
</properties>
  <testcase name="demoTest" classname="com.sample.test.demo.tests.DemoTest" time="0.001"/>
  <testcase name="placePizzaOrderTest" classname="com.sample.test.demo.tests.PizzaOrder" time="0.728"/>
  <testcase name="verifyEmptyPageTest" classname="com.sample.test.demo.tests.PizzaOrder" time="0.049"/>
</testsuite>