<?xml version="1.0" encoding="UTF-8"?>
<!-- Generated by org.testng.reporters.JUnitXMLReporter -->
<testsuite hostname="Nikhils-MBP.attlocal.net" ignored="0" name="Tests" tests="3" failures="0" timestamp="24 Dec 2020 23:26:09 GMT" time="3.951" errors="0">
  <testcase name="demoTest" time="0.001" classname="com.sample.test.demo.tests.DemoTest"/>
  <testcase name="placePizzaOrderTest" time="0.728" classname="com.sample.test.demo.tests.PizzaOrder"/>
  <testcase name="verifyEmptyPageTest" time="0.048" classname="com.sample.test.demo.tests.PizzaOrder"/>
</testsuite> <!-- Tests -->
